<?xml version="1.0" encoding="UTF-8"?>
<!-- Generated by org.testng.reporters.JUnitReportReporter -->
<testsuite hostname="DESKTOP-Q6TRK1D" failures="0" tests="2" name="sample.RestApi" time="5.273" errors="0" timestamp="2022-05-25T16:03:04 IST" skipped="0">
  <testcase classname="sample.RestApi" name="m2" time="0.704"/>
  <system-out/>
  <testcase classname="sample.RestApi" name="m1" time="4.569"/>
  <system-out/>
</testsuite> <!-- sample.RestApi -->
